<?xml version="1.0" encoding="UTF-8"?>
<!-- Generated by org.testng.reporters.JUnitReportReporter -->
<testsuite skipped="0" hostname="DW10-RO-USER10" name="CodeTest" tests="1" failures="0" timestamp="05 May 2017 09:54:35 GMT" time="14.185" errors="0">
  <testcase name="startTest" time="14.185" classname="CodeTest"/>
</testsuite> <!-- CodeTest -->
